Added Component: Designator=BT1(CR1220)
Added Component: Designator=C1(1608[0603])
Added Component: Designator=C2(1608[0603])
Added Component: Designator=C3(1608[0603])
Added Component: Designator=C4(1608[0603])
Added Component: Designator=C5(1608[0603])
Added Component: Designator=C6(1608[0603])
Added Component: Designator=C7(1608[0603])
Added Component: Designator=C8(1608[0603])
Added Component: Designator=C9(1608[0603])
Added Component: Designator=C10(1608[0603])
Added Component: Designator=C11(1608[0603])
Added Component: Designator=C12(1608[0603])
Added Component: Designator=C13(1608[0603])
Added Component: Designator=C14(1608[0603])
Added Component: Designator=C15(1608[0603])
Added Component: Designator=C16(1608[0603])
Added Component: Designator=C17(1608[0603])
Added Component: Designator=C18(1608[0603])
Added Component: Designator=DS1(0805D)
Added Component: Designator=DS2(0805D)
Added Component: Designator=DS3(0805D)
Added Component: Designator=DS4(0805D)
Added Component: Designator=EC1(47UF 25V SMT Caps)
Added Component: Designator=H1(HT7333-SOT89)
Added Component: Designator=J1(DSUB1.385-2H9)
Added Component: Designator=J2(SDCARD)
Added Component: Designator=KB1(KEY4Pin)
Added Component: Designator=KB2(KEY4Pin)
Added Component: Designator=L1(0402-A)
Added Component: Designator=L2(0402-A)
Added Component: Designator=P1(HDR2X10)
Added Component: Designator=P2(HDR1X2)
Added Component: Designator=P3(HDR1X8)
Added Component: Designator=P4(HDR1X4)
Added Component: Designator=R1(J1-0603)
Added Component: Designator=R2(J1-0603)
Added Component: Designator=R3(J1-0603)
Added Component: Designator=R4(J1-0603)
Added Component: Designator=R5(J1-0603)
Added Component: Designator=R6(J1-0603)
Added Component: Designator=R7(J1-0603)
Added Component: Designator=R8(J1-0603)
Added Component: Designator=R9(J1-0603)
Added Component: Designator=R10(J1-0603)
Added Component: Designator=R11(J1-0603)
Added Component: Designator=R12(J1-0603)
Added Component: Designator=R13(J1-0603)
Added Component: Designator=R14(J1-0603)
Added Component: Designator=R15(J1-0603)
Added Component: Designator=R16(J1-0603)
Added Component: Designator=SS1(SS-12F44)
Added Component: Designator=SS2(SS-12F44)
Added Component: Designator=U1(TQFP100-2)
Added Component: Designator=U2(W25X16A-SOIC127P780X216-8N)
Added Component: Designator=U3(MAX3232CSE)
Added Component: Designator=U4(AT24C32D-SOIC127P600X175-8N)
Added Component: Designator=Y1(XTAL2)
Added Component: Designator=Y2(XTAL1)
Added Pin To Net: NetName=3V3 Pin=C7-1
Added Pin To Net: NetName=3V3 Pin=C8-1
Added Pin To Net: NetName=3V3 Pin=C10-2
Added Pin To Net: NetName=3V3 Pin=C12-1
Added Pin To Net: NetName=3V3 Pin=C13-2
Added Pin To Net: NetName=3V3 Pin=C14-2
Added Pin To Net: NetName=3V3 Pin=C15-2
Added Pin To Net: NetName=3V3 Pin=C16-2
Added Pin To Net: NetName=3V3 Pin=C17-2
Added Pin To Net: NetName=3V3 Pin=EC1-1
Added Pin To Net: NetName=3V3 Pin=H1-3
Added Pin To Net: NetName=3V3 Pin=J2-4
Added Pin To Net: NetName=3V3 Pin=L1-1
Added Pin To Net: NetName=3V3 Pin=P1-1
Added Pin To Net: NetName=3V3 Pin=P1-2
Added Pin To Net: NetName=3V3 Pin=P3-1
Added Pin To Net: NetName=3V3 Pin=P4-1
Added Pin To Net: NetName=3V3 Pin=R1-2
Added Pin To Net: NetName=3V3 Pin=R3-2
Added Pin To Net: NetName=3V3 Pin=R4-2
Added Pin To Net: NetName=3V3 Pin=R5-2
Added Pin To Net: NetName=3V3 Pin=R6-2
Added Pin To Net: NetName=3V3 Pin=R9-2
Added Pin To Net: NetName=3V3 Pin=R10-2
Added Pin To Net: NetName=3V3 Pin=R11-2
Added Pin To Net: NetName=3V3 Pin=R12-2
Added Pin To Net: NetName=3V3 Pin=R13-2
Added Pin To Net: NetName=3V3 Pin=R14-2
Added Pin To Net: NetName=3V3 Pin=R15-2
Added Pin To Net: NetName=3V3 Pin=R16-2
Added Pin To Net: NetName=3V3 Pin=U1-11
Added Pin To Net: NetName=3V3 Pin=U1-28
Added Pin To Net: NetName=3V3 Pin=U1-50
Added Pin To Net: NetName=3V3 Pin=U1-75
Added Pin To Net: NetName=3V3 Pin=U1-100
Added Pin To Net: NetName=3V3 Pin=U2-3
Added Pin To Net: NetName=3V3 Pin=U2-7
Added Pin To Net: NetName=3V3 Pin=U2-8
Added Pin To Net: NetName=3V3 Pin=U3-16
Added Net: Name=3V3
Added Pin To Net: NetName=3V7 Pin=H1-2
Added Pin To Net: NetName=3V7 Pin=H1-2
Added Pin To Net: NetName=3V7 Pin=SS2-3
Added Net: Name=3V7
Added Pin To Net: NetName=A3V3 Pin=C11-2
Added Pin To Net: NetName=A3V3 Pin=L1-2
Added Pin To Net: NetName=A3V3 Pin=U1-21
Added Pin To Net: NetName=A3V3 Pin=U1-22
Added Net: Name=A3V3
Added Pin To Net: NetName=AGND Pin=C11-1
Added Pin To Net: NetName=AGND Pin=L2-2
Added Pin To Net: NetName=AGND Pin=U1-19
Added Pin To Net: NetName=AGND Pin=U1-20
Added Net: Name=AGND
Added Pin To Net: NetName=BOOT0 Pin=SS1-2
Added Pin To Net: NetName=BOOT0 Pin=U1-94
Added Net: Name=BOOT0
Added Pin To Net: NetName=GND Pin=BT1-2
Added Pin To Net: NetName=GND Pin=C1-1
Added Pin To Net: NetName=GND Pin=C2-2
Added Pin To Net: NetName=GND Pin=C3-2
Added Pin To Net: NetName=GND Pin=C4-2
Added Pin To Net: NetName=GND Pin=C5-2
Added Pin To Net: NetName=GND Pin=C7-2
Added Pin To Net: NetName=GND Pin=C10-1
Added Pin To Net: NetName=GND Pin=C12-2
Added Pin To Net: NetName=GND Pin=C13-1
Added Pin To Net: NetName=GND Pin=C14-1
Added Pin To Net: NetName=GND Pin=C15-1
Added Pin To Net: NetName=GND Pin=C16-1
Added Pin To Net: NetName=GND Pin=C17-1
Added Pin To Net: NetName=GND Pin=C18-1
Added Pin To Net: NetName=GND Pin=DS1-K
Added Pin To Net: NetName=GND Pin=EC1-2
Added Pin To Net: NetName=GND Pin=H1-1
Added Pin To Net: NetName=GND Pin=J1-5
Added Pin To Net: NetName=GND Pin=J2-6
Added Pin To Net: NetName=GND Pin=KB1-1
Added Pin To Net: NetName=GND Pin=KB1-4
Added Pin To Net: NetName=GND Pin=KB2-1
Added Pin To Net: NetName=GND Pin=KB2-4
Added Pin To Net: NetName=GND Pin=L2-1
Added Pin To Net: NetName=GND Pin=P1-4
Added Pin To Net: NetName=GND Pin=P1-6
Added Pin To Net: NetName=GND Pin=P1-8
Added Pin To Net: NetName=GND Pin=P1-10
Added Pin To Net: NetName=GND Pin=P1-12
Added Pin To Net: NetName=GND Pin=P1-14
Added Pin To Net: NetName=GND Pin=P1-16
Added Pin To Net: NetName=GND Pin=P1-18
Added Pin To Net: NetName=GND Pin=P1-20
Added Pin To Net: NetName=GND Pin=P2-1
Added Pin To Net: NetName=GND Pin=P3-2
Added Pin To Net: NetName=GND Pin=P4-2
Added Pin To Net: NetName=GND Pin=R2-1
Added Pin To Net: NetName=GND Pin=SS1-1
Added Pin To Net: NetName=GND Pin=U1-10
Added Pin To Net: NetName=GND Pin=U1-27
Added Pin To Net: NetName=GND Pin=U1-37
Added Pin To Net: NetName=GND Pin=U1-49
Added Pin To Net: NetName=GND Pin=U1-74
Added Pin To Net: NetName=GND Pin=U1-99
Added Pin To Net: NetName=GND Pin=U2-4
Added Pin To Net: NetName=GND Pin=U3-15
Added Pin To Net: NetName=GND Pin=U4-1
Added Pin To Net: NetName=GND Pin=U4-2
Added Pin To Net: NetName=GND Pin=U4-3
Added Pin To Net: NetName=GND Pin=U4-4
Added Pin To Net: NetName=GND Pin=U4-7
Added Net: Name=GND
Added Pin To Net: NetName=NetC6_1 Pin=C6-1
Added Pin To Net: NetName=NetC6_1 Pin=U3-1
Added Net: Name=NetC6_1
Added Pin To Net: NetName=NetC6_2 Pin=C6-2
Added Pin To Net: NetName=NetC6_2 Pin=U3-3
Added Net: Name=NetC6_2
Added Pin To Net: NetName=NetC8_2 Pin=C8-2
Added Pin To Net: NetName=NetC8_2 Pin=U3-2
Added Net: Name=NetC8_2
Added Pin To Net: NetName=NetC9_1 Pin=C9-1
Added Pin To Net: NetName=NetC9_1 Pin=U3-4
Added Net: Name=NetC9_1
Added Pin To Net: NetName=NetC9_2 Pin=C9-2
Added Pin To Net: NetName=NetC9_2 Pin=U3-5
Added Net: Name=NetC9_2
Added Pin To Net: NetName=NetC18_2 Pin=C18-2
Added Pin To Net: NetName=NetC18_2 Pin=R7-2
Added Pin To Net: NetName=NetC18_2 Pin=R8-2
Added Pin To Net: NetName=NetC18_2 Pin=U4-8
Added Net: Name=NetC18_2
Added Pin To Net: NetName=NetDS1_A Pin=DS1-A
Added Pin To Net: NetName=NetDS1_A Pin=R5-1
Added Net: Name=NetDS1_A
Added Pin To Net: NetName=NetDS2_A Pin=DS2-A
Added Pin To Net: NetName=NetDS2_A Pin=R14-1
Added Net: Name=NetDS2_A
Added Pin To Net: NetName=NetDS3_A Pin=DS3-A
Added Pin To Net: NetName=NetDS3_A Pin=R15-1
Added Net: Name=NetDS3_A
Added Pin To Net: NetName=NetDS4_A Pin=DS4-A
Added Pin To Net: NetName=NetDS4_A Pin=R16-1
Added Net: Name=NetDS4_A
Added Pin To Net: NetName=NetJ1_6 Pin=J1-6
Added Pin To Net: NetName=NetJ1_6 Pin=U3-13
Added Net: Name=NetJ1_6
Added Pin To Net: NetName=NetJ1_7 Pin=J1-7
Added Pin To Net: NetName=NetJ1_7 Pin=U3-14
Added Net: Name=NetJ1_7
Added Pin To Net: NetName=NetP2_2 Pin=P2-2
Added Pin To Net: NetName=NetP2_2 Pin=SS2-2
Added Net: Name=NetP2_2
Added Pin To Net: NetName=NetP3_7 Pin=P3-7
Added Pin To Net: NetName=NetP3_7 Pin=R2-2
Added Net: Name=NetP3_7
Added Pin To Net: NetName=NetR3_1 Pin=R3-1
Added Pin To Net: NetName=NetR3_1 Pin=SS1-3
Added Net: Name=NetR3_1
Added Pin To Net: NetName=NRST Pin=C1-2
Added Pin To Net: NetName=NRST Pin=KB2-3
Added Pin To Net: NetName=NRST Pin=KB2-2
Added Pin To Net: NetName=NRST Pin=P1-15
Added Pin To Net: NetName=NRST Pin=R1-1
Added Pin To Net: NetName=NRST Pin=U1-14
Added Net: Name=NRST
Added Pin To Net: NetName=OSCI Pin=C4-1
Added Pin To Net: NetName=OSCI Pin=U1-12
Added Pin To Net: NetName=OSCI Pin=Y2-2
Added Net: Name=OSCI
Added Pin To Net: NetName=OSCO Pin=C5-1
Added Pin To Net: NetName=OSCO Pin=U1-13
Added Pin To Net: NetName=OSCO Pin=Y2-1
Added Net: Name=OSCO
Added Pin To Net: NetName=PA2 Pin=P4-4
Added Pin To Net: NetName=PA2 Pin=U1-25
Added Net: Name=PA2
Added Pin To Net: NetName=PA3 Pin=P4-3
Added Pin To Net: NetName=PA3 Pin=U1-26
Added Net: Name=PA3
Added Pin To Net: NetName=PA4 Pin=R6-1
Added Pin To Net: NetName=PA4 Pin=U2-1
Added Net: Name=PA4
Added Pin To Net: NetName=PA5 Pin=U2-6
Added Net: Name=PA5
Added Pin To Net: NetName=PA6 Pin=U2-2
Added Net: Name=PA6
Added Pin To Net: NetName=PA7 Pin=U2-5
Added Net: Name=PA7
Added Pin To Net: NetName=PA9 Pin=U1-68
Added Pin To Net: NetName=PA9 Pin=U3-11
Added Net: Name=PA9
Added Pin To Net: NetName=PA10 Pin=U3-12
Added Net: Name=PA10
Added Pin To Net: NetName=PA13 Pin=P1-7
Added Pin To Net: NetName=PA13 Pin=U1-72
Added Net: Name=PA13
Added Pin To Net: NetName=PA14 Pin=P1-9
Added Pin To Net: NetName=PA14 Pin=U1-76
Added Net: Name=PA14
Added Pin To Net: NetName=PA15 Pin=P1-5
Added Pin To Net: NetName=PA15 Pin=U1-77
Added Net: Name=PA15
Added Pin To Net: NetName=PB3 Pin=P1-13
Added Pin To Net: NetName=PB3 Pin=U1-89
Added Net: Name=PB3
Added Pin To Net: NetName=PB4 Pin=P1-3
Added Pin To Net: NetName=PB4 Pin=U1-90
Added Net: Name=PB4
Added Pin To Net: NetName=PB6 Pin=P3-3
Added Pin To Net: NetName=PB6 Pin=U1-92
Added Net: Name=PB6
Added Pin To Net: NetName=PB7 Pin=P3-4
Added Pin To Net: NetName=PB7 Pin=U1-93
Added Net: Name=PB7
Added Pin To Net: NetName=PB10 Pin=R7-1
Added Pin To Net: NetName=PB10 Pin=U4-6
Added Net: Name=PB10
Added Pin To Net: NetName=PB11 Pin=R8-1
Added Pin To Net: NetName=PB11 Pin=U4-5
Added Net: Name=PB11
Added Pin To Net: NetName=PC3 Pin=DS2-K
Added Net: Name=PC3
Added Pin To Net: NetName=PC4 Pin=DS3-K
Added Net: Name=PC4
Added Pin To Net: NetName=PC5 Pin=DS4-K
Added Net: Name=PC5
Added Pin To Net: NetName=PC8 Pin=J2-7
Added Pin To Net: NetName=PC8 Pin=R10-1
Added Net: Name=PC8
Added Pin To Net: NetName=PC9 Pin=J2-8
Added Pin To Net: NetName=PC9 Pin=R9-1
Added Net: Name=PC9
Added Pin To Net: NetName=PC10 Pin=J2-1
Added Pin To Net: NetName=PC10 Pin=R13-1
Added Net: Name=PC10
Added Pin To Net: NetName=PC11 Pin=J2-2
Added Pin To Net: NetName=PC11 Pin=R12-1
Added Net: Name=PC11
Added Pin To Net: NetName=PC12 Pin=J2-5
Added Net: Name=PC12
Added Pin To Net: NetName=PC14 Pin=C2-1
Added Pin To Net: NetName=PC14 Pin=U1-8
Added Pin To Net: NetName=PC14 Pin=Y1-2
Added Net: Name=PC14
Added Pin To Net: NetName=PC15 Pin=C3-1
Added Pin To Net: NetName=PC15 Pin=U1-9
Added Pin To Net: NetName=PC15 Pin=Y1-1
Added Net: Name=PC15
Added Pin To Net: NetName=PD2 Pin=J2-3
Added Pin To Net: NetName=PD2 Pin=R11-1
Added Net: Name=PD2
Added Pin To Net: NetName=PE5 Pin=KB1-3
Added Pin To Net: NetName=PE5 Pin=KB1-2
Added Pin To Net: NetName=PE5 Pin=R4-1
Added Net: Name=PE5
Added Pin To Net: NetName=VBAT Pin=BT1-1
Added Pin To Net: NetName=VBAT Pin=U1-6
Added Net: Name=VBAT
Added Class: Name=FallDetection
Added Class: Name=periphrial
Added Class: Name=power
Added Class: Name=storage
Added Class: Name=CPU
Added Class: Name=FallDetection_StructureClass
Added Class: Name=periphrial_StructureClass
Added Class: Name=power_StructureClass
Added Room: Name=FallDetection
Added Room: Name=periphrial
Added Room: Name=power
Added Room: Name=storage
